


ARM Macro Assembler    Page 1 


    1 00000000         ; LCD.s
    2 00000000         ; Student names: Xinyuan Pan & Chimezie Iwuanyanwu
    3 00000000         ; Last modification date: 3/29
    4 00000000         ; Runs on TM4C123
    5 00000000         ; Runs on LM4F120/TM4C123
    6 00000000         ; Use SSI0 to send an 8-bit code to the ST7735 160x128 p
                       ixel LCD.
    7 00000000         
    8 00000000         ; As part of Lab 7, students need to implement these LCD
                       _WriteCommand and LCD_WriteData
    9 00000000         ; This driver assumes two low-level LCD functions
   10 00000000         
   11 00000000         ; Backlight (pin 10) connected to +3.3 V
   12 00000000         ; MISO (pin 9) unconnected
   13 00000000         ; SCK (pin 8) connected to PA2 (SSI0Clk)
   14 00000000         ; MOSI (pin 7) connected to PA5 (SSI0Tx)
   15 00000000         ; TFT_CS (pin 6) connected to PA3 (SSI0Fss)
   16 00000000         ; CARD_CS (pin 5) unconnected
   17 00000000         ; Data/Command (pin 4) connected to PA6 (GPIO)
   18 00000000         ; RESET (pin 3) connected to PA7 (GPIO)
   19 00000000         ; VCC (pin 2) connected to +3.3 V
   20 00000000         ; Gnd (pin 1) connected to ground
   21 00000000         
   22 00000000 40004100 
                       DC      EQU              0x40004100
   23 00000000 00000000 
                       DC_COMMAND
                               EQU              0
   24 00000000 00000040 
                       DC_DATA EQU              0x40
   25 00000000 40008008 
                       SSI0_DR_R
                               EQU              0x40008008
   26 00000000 4000800C 
                       SSI0_SR_R
                               EQU              0x4000800C
   27 00000000 00000004 
                       SSI_SR_RNE
                               EQU              0x00000004  ; SSI Receive FIFO 
                                                            Not Empty
   28 00000000 00000010 
                       SSI_SR_BSY
                               EQU              0x00000010  ; SSI Busy Bit
   29 00000000 00000002 
                       SSI_SR_TNF
                               EQU              0x00000002  ; SSI Transmit FIFO
                                                             Not Full
   30 00000000         
   31 00000000                 EXPORT           writecommand
   32 00000000                 EXPORT           writedata
   33 00000000         
   34 00000000                 AREA             |.text|, CODE, READONLY, ALIGN=
2
   35 00000000                 THUMB
   36 00000000                 ALIGN
   37 00000000         
   38 00000000         ; The Data/Command pin must be valid when the eighth bit
                        is
   39 00000000         ; sent.  The SSI module has hardware input and output FI



ARM Macro Assembler    Page 2 


                       FOs
   40 00000000         ; that are 8 locations deep.  Based on the observation t
                       hat
   41 00000000         ; the LCD interface tends to send a few commands and the
                       n a
   42 00000000         ; lot of data, the FIFOs are not used when writing
   43 00000000         ; commands, and they are used when writing data.  This
   44 00000000         ; ensures that the Data/Command pin status matches the b
                       yte
   45 00000000         ; that is actually being transmitted.
   46 00000000         ; The write command operation waits until all data has b
                       een
   47 00000000         ; sent, configures the Data/Command pin for commands, se
                       nds
   48 00000000         ; the command, and then waits for the transmission to
   49 00000000         ; finish.
   50 00000000         ; The write data operation waits until there is room in 
                       the
   51 00000000         ; transmit FIFO, configures the Data/Command pin for dat
                       a,
   52 00000000         ; and then adds the data to the transmit FIFO.
   53 00000000         ; NOTE: These functions will crash or stall indefinitely
                        if
   54 00000000         ; the SSI0 module is not initialized and enabled.
   55 00000000         
   56 00000000         ; writecommand
   57 00000000         ; This is a helper function that sends an 8-bit command 
                       to the LCD.
   58 00000000         ; Input: R0  8-bit command to transmit
   59 00000000         ; Output: none
   60 00000000         ; Assumes: SSI0 and port A have already been initialized
                        and enabled
   61 00000000         ;1) Read SSI0_SR_R and check bit 4, 
   62 00000000         ;2) If bit 4 is high, loop back to step 1 (wait for BUSY
                        bit to be low)
   63 00000000         ;3) Clear D/C=PA6 to zero
   64 00000000         ;4) Write the command to SSI0_DR_R
   65 00000000         ;5) Read SSI0_SR_R and check bit 4, 
   66 00000000         ;6) If bit 4 is high, loop back to step 5 (wait for BUSY
                        bit to be low)
   67 00000000         writecommand
   68 00000000 4A10            LDR              R2, =SSI0_SR_R
   69 00000002 6811            LDR              R1, [R2]
   70 00000004 F001 0110       AND              R1, #0x10   ; leave only bit 4
   71 00000008 2910            CMP              R1, #0x10
   72 0000000A D0FE            BEQ              writecommand ; if high then che
                                                            ck again
   73 0000000C 4B0E            LDR              R3, =DC
   74 0000000E 6819            LDR              R1, [R3]
   75 00000010 F021 0140       BIC              R1, #0x40
   76 00000014 6019            STR              R1, [R3]
   77 00000016 4B0D            LDR              R3, =SSI0_DR_R
   78 00000018 6018            STR              R0, [R3]
   79 0000001A         step5
   80 0000001A 6811            LDR              R1, [R2]
   81 0000001C F001 0110       AND              R1, #0x10   ; leave only bit 4
   82 00000020 2910            CMP              R1, #0x10
   83 00000022 D0FA            BEQ              step5
   84 00000024         



ARM Macro Assembler    Page 3 


   85 00000024 4770            BX               LR          ;   return
   86 00000026         
   87 00000026         ; writedata
   88 00000026         ; This is a helper function that sends an 8-bit data to 
                       the LCD.
   89 00000026         ; Input: R0  8-bit data to transmit
   90 00000026         ; Output: none
   91 00000026         ; Assumes: SSI0 and port A have already been initialized
                        and enabled
   92 00000026         ;1) Read SSI0_SR_R and check bit 1, 
   93 00000026         ;2) If bit 1 is low loop back to step 1 (wait for TNF bi
                       t to be high)
   94 00000026         ;3) Set D/C=PA6 to one
   95 00000026         ;4) Write the 8-bit data to SSI0_DR_R
   96 00000026         writedata
   97 00000026 4A07            LDR              R2, =SSI0_SR_R
   98 00000028 6811            LDR              R1, [R2]
   99 0000002A F001 0102       AND              R1, #0x02
  100 0000002E 2900            CMP              R1, #0x00
  101 00000030 D0FE            BEQ              writedata
  102 00000032 4B05            LDR              R3, =DC
  103 00000034 6819            LDR              R1, [R3]
  104 00000036 F041 0140       ORR              R1, #0x40
  105 0000003A 6019            STR              R1, [R3]
  106 0000003C 4B03            LDR              R3, =SSI0_DR_R
  107 0000003E 6018            STR              R0, [R3]
  108 00000040 4770            BX               LR          ;   return
  109 00000042         
  110 00000042         
  111 00000042         ;***************************************************
  112 00000042         ; This is a library for the Adafruit 1.8" SPI display.
  113 00000042         ; This library works with the Adafruit 1.8" TFT Breakout
                        w/SD card
  114 00000042         ; ----> http://www.adafruit.com/products/358
  115 00000042         ; as well as Adafruit raw 1.8" TFT display
  116 00000042         ; ----> http://www.adafruit.com/products/618
  117 00000042         ;
  118 00000042         ; Check out the links above for our tutorials and wiring
                        diagrams
  119 00000042         ; These displays use SPI to communicate, 4 or 5 pins are
                        required to
  120 00000042         ; interface (RST is optional)
  121 00000042         ; Adafruit invests time and resources providing this ope
                       n source code,
  122 00000042         ; please support Adafruit and open-source hardware by pu
                       rchasing
  123 00000042         ; products from Adafruit!
  124 00000042         ;
  125 00000042         ; Written by Limor Fried/Ladyada for Adafruit Industries
                       .
  126 00000042         ; MIT license, all text above must be included in any re
                       distribution
  127 00000042         ;****************************************************
  128 00000042         
  129 00000042 00 00           ALIGN                        ; make sure the end
                                                             of this section is
                                                             aligned
  130 00000044                 END                          ; end of file
              4000800C 



ARM Macro Assembler    Page 4 


              40004100 
              40008008 
Command Line: --debug --xref --cpu=Cortex-M4 --apcs=interwork --depend=.\lcd.d 
-o.\lcd.o -IC:\Keil\ARM\RV31\INC -IC:\Keil\ARM\CMSIS\Include -IC:\Keil\ARM\Inc\
Luminary --predefine="__EVAL SETA 1" --list=.\lcd.lst LCD.s



ARM Macro Assembler    Page 1 Alphabetic symbol ordering
Relocatable symbols

.text 00000000

Symbol: .text
   Definitions
      At line 34 in file LCD.s
   Uses
      None
Comment: .text unused
step5 0000001A

Symbol: step5
   Definitions
      At line 79 in file LCD.s
   Uses
      At line 83 in file LCD.s
Comment: step5 used once
writecommand 00000000

Symbol: writecommand
   Definitions
      At line 67 in file LCD.s
   Uses
      At line 31 in file LCD.s
      At line 72 in file LCD.s

writedata 00000026

Symbol: writedata
   Definitions
      At line 96 in file LCD.s
   Uses
      At line 32 in file LCD.s
      At line 101 in file LCD.s

4 symbols



ARM Macro Assembler    Page 1 Alphabetic symbol ordering
Absolute symbols

DC 40004100

Symbol: DC
   Definitions
      At line 22 in file LCD.s
   Uses
      At line 73 in file LCD.s
      At line 102 in file LCD.s

DC_COMMAND 00000000

Symbol: DC_COMMAND
   Definitions
      At line 23 in file LCD.s
   Uses
      None
Comment: DC_COMMAND unused
DC_DATA 00000040

Symbol: DC_DATA
   Definitions
      At line 24 in file LCD.s
   Uses
      None
Comment: DC_DATA unused
SSI0_DR_R 40008008

Symbol: SSI0_DR_R
   Definitions
      At line 25 in file LCD.s
   Uses
      At line 77 in file LCD.s
      At line 106 in file LCD.s

SSI0_SR_R 4000800C

Symbol: SSI0_SR_R
   Definitions
      At line 26 in file LCD.s
   Uses
      At line 68 in file LCD.s
      At line 97 in file LCD.s

SSI_SR_BSY 00000010

Symbol: SSI_SR_BSY
   Definitions
      At line 28 in file LCD.s
   Uses
      None
Comment: SSI_SR_BSY unused
SSI_SR_RNE 00000004

Symbol: SSI_SR_RNE
   Definitions
      At line 27 in file LCD.s
   Uses
      None
Comment: SSI_SR_RNE unused



ARM Macro Assembler    Page 2 Alphabetic symbol ordering
Absolute symbols

SSI_SR_TNF 00000002

Symbol: SSI_SR_TNF
   Definitions
      At line 29 in file LCD.s
   Uses
      None
Comment: SSI_SR_TNF unused
8 symbols
345 symbols in table
